  MainGameScene.cpp
d:\program files\infectionvillage\sourceprogram\src\maingamescene.cpp(39): warning C4305: '*=': 'double' から 'T' へ切り詰めます。
          with
          [
              T=float
          ]
d:\program files\infectionvillage\sourceprogram\src\maingamescene.cpp(261): warning C4552: '/': 式の結果が使用されていません
d:\program files\infectionvillage\sourceprogram\src\maingamescene.cpp(281): warning C4244: '引数': 'float' から '_Ty' への変換です。データが失われる可能性があります。
          with
          [
              _Ty=int
          ]
d:\program files\infectionvillage\sourceprogram\src\maingamescene.cpp(282): warning C4244: '引数': 'float' から '_Ty' への変換です。データが失われる可能性があります。
          with
          [
              _Ty=int
          ]
d:\program files\infectionvillage\sourceprogram\src\maingamescene.cpp(285): warning C4244: '引数': 'float' から '_Ty' への変換です。データが失われる可能性があります。
          with
          [
              _Ty=int
          ]
d:\program files\infectionvillage\sourceprogram\src\maingamescene.cpp(286): warning C4244: '引数': 'float' から '_Ty' への変換です。データが失われる可能性があります。
          with
          [
              _Ty=int
          ]
d:\program files\infectionvillage\sourceprogram\src\maingamescene.cpp(289): warning C4244: '引数': 'float' から '_Ty' への変換です。データが失われる可能性があります。
          with
          [
              _Ty=int
          ]
d:\program files\infectionvillage\sourceprogram\src\maingamescene.cpp(290): warning C4244: '引数': 'float' から '_Ty' への変換です。データが失われる可能性があります。
          with
          [
              _Ty=int
          ]
d:\program files\infectionvillage\sourceprogram\src\maingamescene.cpp(291): warning C4244: '引数': 'float' から '_Ty' への変換です。データが失われる可能性があります。
          with
          [
              _Ty=int
          ]
d:\program files\infectionvillage\sourceprogram\src\maingamescene.cpp(294): warning C4244: '引数': 'float' から '_Ty' への変換です。データが失われる可能性があります。
          with
          [
              _Ty=int
          ]
d:\program files\infectionvillage\sourceprogram\src\maingamescene.cpp(295): warning C4244: '引数': 'float' から '_Ty' への変換です。データが失われる可能性があります。
          with
          [
              _Ty=int
          ]
d:\program files\infectionvillage\sourceprogram\src\maingamescene.cpp(319): warning C4244: '引数': 'int' から 'T' への変換です。データが失われる可能性があります。
          with
          [
              T=float
          ]
d:\program files\infectionvillage\sourceprogram\src\maingamescene.cpp(334): warning C4244: '引数': 'int' から 'T' への変換です。データが失われる可能性があります。
          with
          [
              T=float
          ]
d:\program files\infectionvillage\sourceprogram\src\maingamescene.cpp(335): warning C4244: '=': 'int' から 'T' への変換です。データが失われる可能性があります。
          with
          [
              T=float
          ]
d:\program files\infectionvillage\sourceprogram\src\maingamescene.cpp(491): warning C4244: '-=': 'double' から 'float' への変換です。データが失われる可能性があります。
d:\program files\infectionvillage\sourceprogram\src\maingamescene.cpp(496): warning C4244: '+=': 'double' から 'float' への変換です。データが失われる可能性があります。
d:\program files\infectionvillage\sourceprogram\src\maingamescene.cpp(952): warning C4244: '引数': 'T' から '_Ty' への変換です。データが失われる可能性があります。
          with
          [
              T=float
          ]
          and
          [
              _Ty=int
          ]
d:\program files\infectionvillage\sourceprogram\src\maingamescene.cpp(953): warning C4244: '引数': 'T' から '_Ty' への変換です。データが失われる可能性があります。
          with
          [
              T=float
          ]
          and
          [
              _Ty=int
          ]
d:\program files\infectionvillage\sourceprogram\src\maingamescene.cpp(985): warning C4305: '引数': 'double' から 'T' へ切り詰めます。
          with
          [
              T=float
          ]
d:\program files\infectionvillage\sourceprogram\src\maingamescene.cpp(1368): warning C4244: '引数': 'double' から 'float' への変換です。データが失われる可能性があります。
  コード生成しています。
  1 of 2624 functions (<0.1%) were compiled, the rest were copied from previous compilation.
    0 functions were new in current compilation
    0 functions had inline decision re-evaluated but remain unchanged
  コード生成が終了しました。
  OpenGL3D2018.vcxproj -> D:\Program Files\INFECTIONVILLAGE\SourceProgram\x64\Release\INFECTIONVILLAGE.exe
